[03-Jul-2017 10:57:09 - INFO] "fs.default.name is deprecated. Instead, use fs.defaultFS" (org.apache.hadoop.conf.Configuration:1019)
[03-Jul-2017 10:57:09 - DEBUG] "field org.apache.hadoop.metrics2.lib.MutableRate org.apache.hadoop.security.UserGroupInformation$UgiMetrics.loginSuccess with annotation @org.apache.hadoop.metrics2.annotation.Metric(sampleName=Ops, always=false, about=, type=DEFAULT, value=[Rate of successful kerberos logins and latency (milliseconds)], valueName=Time)" (org.apache.hadoop.metrics2.lib.MutableMetricsFactory:42)
[03-Jul-2017 10:57:09 - DEBUG] "field org.apache.hadoop.metrics2.lib.MutableRate org.apache.hadoop.security.UserGroupInformation$UgiMetrics.loginFailure with annotation @org.apache.hadoop.metrics2.annotation.Metric(sampleName=Ops, always=false, about=, type=DEFAULT, value=[Rate of failed kerberos logins and latency (milliseconds)], valueName=Time)" (org.apache.hadoop.metrics2.lib.MutableMetricsFactory:42)
[03-Jul-2017 10:57:09 - DEBUG] "field org.apache.hadoop.metrics2.lib.MutableRate org.apache.hadoop.security.UserGroupInformation$UgiMetrics.getGroups with annotation @org.apache.hadoop.metrics2.annotation.Metric(sampleName=Ops, always=false, about=, type=DEFAULT, value=[GetGroups], valueName=Time)" (org.apache.hadoop.metrics2.lib.MutableMetricsFactory:42)
[03-Jul-2017 10:57:09 - DEBUG] "UgiMetrics, User and group related metrics" (org.apache.hadoop.metrics2.impl.MetricsSystemImpl:221)
[03-Jul-2017 10:57:09 - DEBUG] "Kerberos krb5 configuration not found, setting default realm to empty" (org.apache.hadoop.security.authentication.util.KerberosName:88)
[03-Jul-2017 10:57:09 - DEBUG] " Creating new Groups object" (org.apache.hadoop.security.Groups:238)
[03-Jul-2017 10:57:09 - DEBUG] "Trying to load the custom-built native-hadoop library..." (org.apache.hadoop.util.NativeCodeLoader:46)
[03-Jul-2017 10:57:09 - DEBUG] "Failed to load native-hadoop with error: java.lang.UnsatisfiedLinkError: no hadoop in java.library.path" (org.apache.hadoop.util.NativeCodeLoader:55)
[03-Jul-2017 10:57:09 - DEBUG] "java.library.path=/Users/yperez/Library/Java/Extensions:/Library/Java/Extensions:/Network/Library/Java/Extensions:/System/Library/Java/Extensions:/usr/lib/java:." (org.apache.hadoop.util.NativeCodeLoader:56)
[03-Jul-2017 10:57:09 - WARN] "Unable to load native-hadoop library for your platform... using builtin-java classes where applicable" (org.apache.hadoop.util.NativeCodeLoader:62)
[03-Jul-2017 10:57:09 - DEBUG] "Falling back to shell based" (org.apache.hadoop.security.JniBasedUnixGroupsMappingWithFallback:40)
[03-Jul-2017 10:57:09 - DEBUG] "Group mapping impl=org.apache.hadoop.security.ShellBasedUnixGroupsMapping" (org.apache.hadoop.security.JniBasedUnixGroupsMappingWithFallback:44)
[03-Jul-2017 10:57:09 - DEBUG] "setsid is not available on this machine. So not using it." (org.apache.hadoop.util.Shell:392)
[03-Jul-2017 10:57:09 - DEBUG] "setsid exited with exit code 0" (org.apache.hadoop.util.Shell:396)
[03-Jul-2017 10:57:09 - DEBUG] "Group mapping impl=org.apache.hadoop.security.JniBasedUnixGroupsMappingWithFallback; cacheTimeout=300000; warningDeltaMs=5000" (org.apache.hadoop.security.Groups:80)
[03-Jul-2017 10:57:09 - DEBUG] "hadoop login" (org.apache.hadoop.security.UserGroupInformation$HadoopLoginModule:195)
[03-Jul-2017 10:57:09 - DEBUG] "hadoop login commit" (org.apache.hadoop.security.UserGroupInformation$HadoopLoginModule:144)
[03-Jul-2017 10:57:09 - DEBUG] "using local user:UnixPrincipal: yperez" (org.apache.hadoop.security.UserGroupInformation$HadoopLoginModule:174)
[03-Jul-2017 10:57:09 - DEBUG] "UGI loginUser:yperez (auth:SIMPLE)" (org.apache.hadoop.security.UserGroupInformation:785)
[03-Jul-2017 11:05:01 - INFO] "fs.default.name is deprecated. Instead, use fs.defaultFS" (org.apache.hadoop.conf.Configuration:1019)
[03-Jul-2017 11:05:01 - DEBUG] "field org.apache.hadoop.metrics2.lib.MutableRate org.apache.hadoop.security.UserGroupInformation$UgiMetrics.loginSuccess with annotation @org.apache.hadoop.metrics2.annotation.Metric(sampleName=Ops, about=, always=false, type=DEFAULT, value=[Rate of successful kerberos logins and latency (milliseconds)], valueName=Time)" (org.apache.hadoop.metrics2.lib.MutableMetricsFactory:42)
[03-Jul-2017 11:05:01 - DEBUG] "field org.apache.hadoop.metrics2.lib.MutableRate org.apache.hadoop.security.UserGroupInformation$UgiMetrics.loginFailure with annotation @org.apache.hadoop.metrics2.annotation.Metric(sampleName=Ops, about=, always=false, type=DEFAULT, value=[Rate of failed kerberos logins and latency (milliseconds)], valueName=Time)" (org.apache.hadoop.metrics2.lib.MutableMetricsFactory:42)
[03-Jul-2017 11:05:01 - DEBUG] "field org.apache.hadoop.metrics2.lib.MutableRate org.apache.hadoop.security.UserGroupInformation$UgiMetrics.getGroups with annotation @org.apache.hadoop.metrics2.annotation.Metric(sampleName=Ops, about=, always=false, type=DEFAULT, value=[GetGroups], valueName=Time)" (org.apache.hadoop.metrics2.lib.MutableMetricsFactory:42)
[03-Jul-2017 11:05:01 - DEBUG] "UgiMetrics, User and group related metrics" (org.apache.hadoop.metrics2.impl.MetricsSystemImpl:221)
[03-Jul-2017 11:05:02 - DEBUG] "Kerberos krb5 configuration not found, setting default realm to empty" (org.apache.hadoop.security.authentication.util.KerberosName:88)
[03-Jul-2017 11:05:02 - DEBUG] " Creating new Groups object" (org.apache.hadoop.security.Groups:238)
[03-Jul-2017 11:05:02 - DEBUG] "Trying to load the custom-built native-hadoop library..." (org.apache.hadoop.util.NativeCodeLoader:46)
[03-Jul-2017 11:05:02 - DEBUG] "Failed to load native-hadoop with error: java.lang.UnsatisfiedLinkError: no hadoop in java.library.path" (org.apache.hadoop.util.NativeCodeLoader:55)
[03-Jul-2017 11:05:02 - DEBUG] "java.library.path=/Users/yperez/Library/Java/Extensions:/Library/Java/Extensions:/Network/Library/Java/Extensions:/System/Library/Java/Extensions:/usr/lib/java:." (org.apache.hadoop.util.NativeCodeLoader:56)
[03-Jul-2017 11:05:02 - WARN] "Unable to load native-hadoop library for your platform... using builtin-java classes where applicable" (org.apache.hadoop.util.NativeCodeLoader:62)
[03-Jul-2017 11:05:02 - DEBUG] "Falling back to shell based" (org.apache.hadoop.security.JniBasedUnixGroupsMappingWithFallback:40)
[03-Jul-2017 11:05:02 - DEBUG] "Group mapping impl=org.apache.hadoop.security.ShellBasedUnixGroupsMapping" (org.apache.hadoop.security.JniBasedUnixGroupsMappingWithFallback:44)
[03-Jul-2017 11:05:02 - DEBUG] "setsid is not available on this machine. So not using it." (org.apache.hadoop.util.Shell:392)
[03-Jul-2017 11:05:02 - DEBUG] "setsid exited with exit code 0" (org.apache.hadoop.util.Shell:396)
[03-Jul-2017 11:05:02 - DEBUG] "Group mapping impl=org.apache.hadoop.security.JniBasedUnixGroupsMappingWithFallback; cacheTimeout=300000; warningDeltaMs=5000" (org.apache.hadoop.security.Groups:80)
[03-Jul-2017 11:05:02 - DEBUG] "hadoop login" (org.apache.hadoop.security.UserGroupInformation$HadoopLoginModule:195)
[03-Jul-2017 11:05:02 - DEBUG] "hadoop login commit" (org.apache.hadoop.security.UserGroupInformation$HadoopLoginModule:144)
[03-Jul-2017 11:05:03 - DEBUG] "using local user:UnixPrincipal: yperez" (org.apache.hadoop.security.UserGroupInformation$HadoopLoginModule:174)
[03-Jul-2017 11:05:03 - DEBUG] "UGI loginUser:yperez (auth:SIMPLE)" (org.apache.hadoop.security.UserGroupInformation:785)
[03-Jul-2017 14:34:51 - INFO] "fs.default.name is deprecated. Instead, use fs.defaultFS" (org.apache.hadoop.conf.Configuration:1019)
[03-Jul-2017 14:34:51 - DEBUG] "field org.apache.hadoop.metrics2.lib.MutableRate org.apache.hadoop.security.UserGroupInformation$UgiMetrics.loginSuccess with annotation @org.apache.hadoop.metrics2.annotation.Metric(about=, sampleName=Ops, always=false, type=DEFAULT, value=[Rate of successful kerberos logins and latency (milliseconds)], valueName=Time)" (org.apache.hadoop.metrics2.lib.MutableMetricsFactory:42)
[03-Jul-2017 14:34:51 - DEBUG] "field org.apache.hadoop.metrics2.lib.MutableRate org.apache.hadoop.security.UserGroupInformation$UgiMetrics.loginFailure with annotation @org.apache.hadoop.metrics2.annotation.Metric(about=, sampleName=Ops, always=false, type=DEFAULT, value=[Rate of failed kerberos logins and latency (milliseconds)], valueName=Time)" (org.apache.hadoop.metrics2.lib.MutableMetricsFactory:42)
[03-Jul-2017 14:34:51 - DEBUG] "field org.apache.hadoop.metrics2.lib.MutableRate org.apache.hadoop.security.UserGroupInformation$UgiMetrics.getGroups with annotation @org.apache.hadoop.metrics2.annotation.Metric(about=, sampleName=Ops, always=false, type=DEFAULT, value=[GetGroups], valueName=Time)" (org.apache.hadoop.metrics2.lib.MutableMetricsFactory:42)
[03-Jul-2017 14:34:51 - DEBUG] "UgiMetrics, User and group related metrics" (org.apache.hadoop.metrics2.impl.MetricsSystemImpl:221)
[03-Jul-2017 14:34:51 - DEBUG] "Kerberos krb5 configuration not found, setting default realm to empty" (org.apache.hadoop.security.authentication.util.KerberosName:88)
[03-Jul-2017 14:34:51 - DEBUG] " Creating new Groups object" (org.apache.hadoop.security.Groups:238)
[03-Jul-2017 14:34:51 - DEBUG] "Trying to load the custom-built native-hadoop library..." (org.apache.hadoop.util.NativeCodeLoader:46)
[03-Jul-2017 14:34:51 - DEBUG] "Failed to load native-hadoop with error: java.lang.UnsatisfiedLinkError: no hadoop in java.library.path" (org.apache.hadoop.util.NativeCodeLoader:55)
[03-Jul-2017 14:34:51 - DEBUG] "java.library.path=/Users/yperez/Library/Java/Extensions:/Library/Java/Extensions:/Network/Library/Java/Extensions:/System/Library/Java/Extensions:/usr/lib/java:." (org.apache.hadoop.util.NativeCodeLoader:56)
[03-Jul-2017 14:34:51 - WARN] "Unable to load native-hadoop library for your platform... using builtin-java classes where applicable" (org.apache.hadoop.util.NativeCodeLoader:62)
[03-Jul-2017 14:34:51 - DEBUG] "Falling back to shell based" (org.apache.hadoop.security.JniBasedUnixGroupsMappingWithFallback:40)
[03-Jul-2017 14:34:51 - DEBUG] "Group mapping impl=org.apache.hadoop.security.ShellBasedUnixGroupsMapping" (org.apache.hadoop.security.JniBasedUnixGroupsMappingWithFallback:44)
[03-Jul-2017 14:34:51 - DEBUG] "setsid is not available on this machine. So not using it." (org.apache.hadoop.util.Shell:392)
[03-Jul-2017 14:34:51 - DEBUG] "setsid exited with exit code 0" (org.apache.hadoop.util.Shell:396)
[03-Jul-2017 14:34:51 - DEBUG] "Group mapping impl=org.apache.hadoop.security.JniBasedUnixGroupsMappingWithFallback; cacheTimeout=300000; warningDeltaMs=5000" (org.apache.hadoop.security.Groups:80)
[03-Jul-2017 14:34:51 - DEBUG] "hadoop login" (org.apache.hadoop.security.UserGroupInformation$HadoopLoginModule:195)
[03-Jul-2017 14:34:51 - DEBUG] "hadoop login commit" (org.apache.hadoop.security.UserGroupInformation$HadoopLoginModule:144)
[03-Jul-2017 14:34:51 - DEBUG] "using local user:UnixPrincipal: yperez" (org.apache.hadoop.security.UserGroupInformation$HadoopLoginModule:174)
[03-Jul-2017 14:34:51 - DEBUG] "UGI loginUser:yperez (auth:SIMPLE)" (org.apache.hadoop.security.UserGroupInformation:785)
[03-Jul-2017 14:43:02 - INFO] "fs.default.name is deprecated. Instead, use fs.defaultFS" (org.apache.hadoop.conf.Configuration:1019)
[03-Jul-2017 14:43:02 - DEBUG] "field org.apache.hadoop.metrics2.lib.MutableRate org.apache.hadoop.security.UserGroupInformation$UgiMetrics.loginSuccess with annotation @org.apache.hadoop.metrics2.annotation.Metric(about=, sampleName=Ops, always=false, type=DEFAULT, value=[Rate of successful kerberos logins and latency (milliseconds)], valueName=Time)" (org.apache.hadoop.metrics2.lib.MutableMetricsFactory:42)
[03-Jul-2017 14:43:02 - DEBUG] "field org.apache.hadoop.metrics2.lib.MutableRate org.apache.hadoop.security.UserGroupInformation$UgiMetrics.loginFailure with annotation @org.apache.hadoop.metrics2.annotation.Metric(about=, sampleName=Ops, always=false, type=DEFAULT, value=[Rate of failed kerberos logins and latency (milliseconds)], valueName=Time)" (org.apache.hadoop.metrics2.lib.MutableMetricsFactory:42)
[03-Jul-2017 14:43:02 - DEBUG] "field org.apache.hadoop.metrics2.lib.MutableRate org.apache.hadoop.security.UserGroupInformation$UgiMetrics.getGroups with annotation @org.apache.hadoop.metrics2.annotation.Metric(about=, sampleName=Ops, always=false, type=DEFAULT, value=[GetGroups], valueName=Time)" (org.apache.hadoop.metrics2.lib.MutableMetricsFactory:42)
[03-Jul-2017 14:43:02 - DEBUG] "UgiMetrics, User and group related metrics" (org.apache.hadoop.metrics2.impl.MetricsSystemImpl:221)
[03-Jul-2017 14:43:02 - DEBUG] "Kerberos krb5 configuration not found, setting default realm to empty" (org.apache.hadoop.security.authentication.util.KerberosName:88)
[03-Jul-2017 14:43:02 - DEBUG] " Creating new Groups object" (org.apache.hadoop.security.Groups:238)
[03-Jul-2017 14:43:02 - DEBUG] "Trying to load the custom-built native-hadoop library..." (org.apache.hadoop.util.NativeCodeLoader:46)
[03-Jul-2017 14:43:02 - DEBUG] "Failed to load native-hadoop with error: java.lang.UnsatisfiedLinkError: no hadoop in java.library.path" (org.apache.hadoop.util.NativeCodeLoader:55)
[03-Jul-2017 14:43:02 - DEBUG] "java.library.path=/Users/yperez/Library/Java/Extensions:/Library/Java/Extensions:/Network/Library/Java/Extensions:/System/Library/Java/Extensions:/usr/lib/java:." (org.apache.hadoop.util.NativeCodeLoader:56)
[03-Jul-2017 14:43:02 - WARN] "Unable to load native-hadoop library for your platform... using builtin-java classes where applicable" (org.apache.hadoop.util.NativeCodeLoader:62)
[03-Jul-2017 14:43:02 - DEBUG] "Falling back to shell based" (org.apache.hadoop.security.JniBasedUnixGroupsMappingWithFallback:40)
[03-Jul-2017 14:43:02 - DEBUG] "Group mapping impl=org.apache.hadoop.security.ShellBasedUnixGroupsMapping" (org.apache.hadoop.security.JniBasedUnixGroupsMappingWithFallback:44)
[03-Jul-2017 14:43:03 - DEBUG] "setsid is not available on this machine. So not using it." (org.apache.hadoop.util.Shell:392)
[03-Jul-2017 14:43:03 - DEBUG] "setsid exited with exit code 0" (org.apache.hadoop.util.Shell:396)
[03-Jul-2017 14:43:03 - DEBUG] "Group mapping impl=org.apache.hadoop.security.JniBasedUnixGroupsMappingWithFallback; cacheTimeout=300000; warningDeltaMs=5000" (org.apache.hadoop.security.Groups:80)
[03-Jul-2017 14:43:03 - DEBUG] "hadoop login" (org.apache.hadoop.security.UserGroupInformation$HadoopLoginModule:195)
[03-Jul-2017 14:43:03 - DEBUG] "hadoop login commit" (org.apache.hadoop.security.UserGroupInformation$HadoopLoginModule:144)
[03-Jul-2017 14:43:03 - DEBUG] "using local user:UnixPrincipal: yperez" (org.apache.hadoop.security.UserGroupInformation$HadoopLoginModule:174)
[03-Jul-2017 14:43:03 - DEBUG] "UGI loginUser:yperez (auth:SIMPLE)" (org.apache.hadoop.security.UserGroupInformation:785)
